{"numFailedTestSuites":0,"numFailedTests":0,"numPassedTestSuites":3,"numPassedTests":42,"numPendingTestSuites":0,"numPendingTests":0,"numRuntimeErrorTestSuites":0,"numTodoTests":0,"numTotalTestSuites":3,"numTotalTests":42,"openHandles":[],"snapshot":{"added":0,"didUpdate":false,"failure":false,"filesAdded":0,"filesRemoved":0,"filesRemovedList":[],"filesUnmatched":0,"filesUpdated":0,"matched":0,"total":0,"unchecked":0,"uncheckedKeysByFile":[],"unmatched":0,"updated":0},"startTime":1773116896124,"success":true,"testResults":[{"assertionResults":[{"ancestorTitles":["ClubDetailScreen"],"duration":580,"failureDetails":[],"failureMessages":[],"fullName":"ClubDetailScreen shows the live public metadata summary for access, meeting format, and curator details","invocations":1,"location":null,"numPassingAsserts":10,"retryReasons":[],"status":"passed","title":"shows the live public metadata summary for access, meeting format, and curator details"},{"ancestorTitles":["ClubDetailScreen"],"duration":25,"failureDetails":[],"failureMessages":[],"fullName":"ClubDetailScreen shows invite acceptance UI when the signed-in user has a pending invite-only invitation","invocations":1,"location":null,"numPassingAsserts":5,"retryReasons":[],"status":"passed","title":"shows invite acceptance UI when the signed-in user has a pending invite-only invitation"},{"ancestorTitles":["ClubDetailScreen"],"duration":20,"failureDetails":[],"failureMessages":[],"fullName":"ClubDetailScreen describes the current manage-club scope for admins without implying archive or invite lifecycle support","invocations":1,"location":null,"numPassingAsserts":4,"retryReasons":[],"status":"passed","title":"describes the current manage-club scope for admins without implying archive or invite lifecycle support"},{"ancestorTitles":["ClubDetailScreen"],"duration":71,"failureDetails":[],"failureMessages":[],"fullName":"ClubDetailScreen shows an entitlement warning when the current user tier does not meet the club access level","invocations":1,"location":null,"numPassingAsserts":2,"retryReasons":[],"status":"passed","title":"shows an entitlement warning when the current user tier does not meet the club access level"}],"endTime":1773116898831,"message":"","name":"C:\\Users\\LEGION\\Documents\\augment-projects\\antigravity copy\\Bookconnect_new_react_app\\src\\features\\clubs\\screens\\__tests__\\ClubDetailScreen.test.tsx","startTime":1773116896519,"status":"passed","summary":""},{"assertionResults":[{"ancestorTitles":["ClubManageScreen"],"duration":111,"failureDetails":[],"failureMessages":[],"fullName":"ClubManageScreen shows the settings, member-management, and join-question sections on the manage screen","invocations":1,"location":null,"numPassingAsserts":6,"retryReasons":[],"status":"passed","title":"shows the settings, member-management, and join-question sections on the manage screen"},{"ancestorTitles":["ClubManageScreen"],"duration":317,"failureDetails":[],"failureMessages":[],"fullName":"ClubManageScreen saves updated club settings through the manage-club settings mutation","invocations":1,"location":null,"numPassingAsserts":3,"retryReasons":[],"status":"passed","title":"saves updated club settings through the manage-club settings mutation"},{"ancestorTitles":["ClubManageScreen"],"duration":56,"failureDetails":[],"failureMessages":[],"fullName":"ClubManageScreen blocks saving when the member cap is below the current member count","invocations":1,"location":null,"numPassingAsserts":3,"retryReasons":[],"status":"passed","title":"blocks saving when the member cap is below the current member count"},{"ancestorTitles":["ClubManageScreen"],"duration":119,"failureDetails":[],"failureMessages":[],"fullName":"ClubManageScreen resets unsaved settings changes back to the saved club state","invocations":1,"location":null,"numPassingAsserts":3,"retryReasons":[],"status":"passed","title":"resets unsaved settings changes back to the saved club state"},{"ancestorTitles":["ClubManageScreen"],"duration":21,"failureDetails":[],"failureMessages":[],"fullName":"ClubManageScreen locks club type editing for author clubs while keeping other settings editable","invocations":1,"location":null,"numPassingAsserts":2,"retryReasons":[],"status":"passed","title":"locks club type editing for author clubs while keeping other settings editable"},{"ancestorTitles":["ClubManageScreen"],"duration":91,"failureDetails":[],"failureMessages":[],"fullName":"ClubManageScreen toggles moderator assignment from the current member list","invocations":1,"location":null,"numPassingAsserts":3,"retryReasons":[],"status":"passed","title":"toggles moderator assignment from the current member list"},{"ancestorTitles":["ClubManageScreen"],"duration":22,"failureDetails":[],"failureMessages":[],"fullName":"ClubManageScreen blocks assigning moderator to a free-tier member and explains why","invocations":1,"location":null,"numPassingAsserts":2,"retryReasons":[],"status":"passed","title":"blocks assigning moderator to a free-tier member and explains why"},{"ancestorTitles":["ClubManageScreen"],"duration":94,"failureDetails":[],"failureMessages":[],"fullName":"ClubManageScreen removes a non-admin member from the current member list after confirmation","invocations":1,"location":null,"numPassingAsserts":4,"retryReasons":[],"status":"passed","title":"removes a non-admin member from the current member list after confirmation"}],"endTime":1773116899911,"message":"","name":"C:\\Users\\LEGION\\Documents\\augment-projects\\antigravity copy\\Bookconnect_new_react_app\\src\\features\\clubs\\screens\\__tests__\\ClubManageScreen.test.tsx","startTime":1773116898873,"status":"passed","summary":""},{"assertionResults":[{"ancestorTitles":["clubsService"],"duration":2,"failureDetails":[],"failureMessages":[],"fullName":"clubsService reads public club browse results from club_public_details","invocations":1,"location":null,"numPassingAsserts":6,"retryReasons":[],"status":"passed","title":"reads public club browse results from club_public_details"},{"ancestorTitles":["clubsService"],"duration":1,"failureDetails":[],"failureMessages":[],"fullName":"clubsService reads my clubs browse results from membership plus club_public_details","invocations":1,"location":null,"numPassingAsserts":10,"retryReasons":[],"status":"passed","title":"reads my clubs browse results from membership plus club_public_details"},{"ancestorTitles":["clubsService"],"duration":0,"failureDetails":[],"failureMessages":[],"fullName":"clubsService returns an empty my clubs browse list when the user has no active memberships","invocations":1,"location":null,"numPassingAsserts":2,"retryReasons":[],"status":"passed","title":"returns an empty my clubs browse list when the user has no active memberships"},{"ancestorTitles":["clubsService"],"duration":0,"failureDetails":[],"failureMessages":[],"fullName":"clubsService reads a single public club detail row from club_public_details","invocations":1,"location":null,"numPassingAsserts":3,"retryReasons":[],"status":"passed","title":"reads a single public club detail row from club_public_details"},{"ancestorTitles":["clubsService"],"duration":1,"failureDetails":[],"failureMessages":[],"fullName":"clubsService checks membership limits through the edge function","invocations":1,"location":null,"numPassingAsserts":3,"retryReasons":[],"status":"passed","title":"checks membership limits through the edge function"},{"ancestorTitles":["clubsService"],"duration":2,"failureDetails":[],"failureMessages":[],"fullName":"clubsService creates a club after limit check and inserts the admin membership","invocations":1,"location":null,"numPassingAsserts":4,"retryReasons":[],"status":"passed","title":"creates a club after limit check and inserts the admin membership"},{"ancestorTitles":["clubsService"],"duration":2,"failureDetails":[],"failureMessages":[],"fullName":"clubsService updates club settings for the first manage-club settings slice","invocations":1,"location":null,"numPassingAsserts":4,"retryReasons":[],"status":"passed","title":"updates club settings for the first manage-club settings slice"},{"ancestorTitles":["clubsService"],"duration":2,"failureDetails":[],"failureMessages":[],"fullName":"clubsService updates a club member role for moderator assignment","invocations":1,"location":null,"numPassingAsserts":6,"retryReasons":[],"status":"passed","title":"updates a club member role for moderator assignment"},{"ancestorTitles":["clubsService"],"duration":48,"failureDetails":[],"failureMessages":[],"fullName":"clubsService blocks assigning moderator to a free-tier user before the update mutation runs","invocations":1,"location":null,"numPassingAsserts":1,"retryReasons":[],"status":"passed","title":"blocks assigning moderator to a free-tier user before the update mutation runs"},{"ancestorTitles":["clubsService"],"duration":2,"failureDetails":[],"failureMessages":[],"fullName":"clubsService joins public clubs by inserting an active member row","invocations":1,"location":null,"numPassingAsserts":5,"retryReasons":[],"status":"passed","title":"joins public clubs by inserting an active member row"},{"ancestorTitles":["clubsService"],"duration":1,"failureDetails":[],"failureMessages":[],"fullName":"clubsService blocks direct joins when the user tier does not satisfy the club access level","invocations":1,"location":null,"numPassingAsserts":1,"retryReasons":[],"status":"passed","title":"blocks direct joins when the user tier does not satisfy the club access level"},{"ancestorTitles":["clubsService"],"duration":1,"failureDetails":[],"failureMessages":[],"fullName":"clubsService applies to approval clubs with pending answers payload","invocations":1,"location":null,"numPassingAsserts":2,"retryReasons":[],"status":"passed","title":"applies to approval clubs with pending answers payload"},{"ancestorTitles":["clubsService"],"duration":1,"failureDetails":[],"failureMessages":[],"fullName":"clubsService applies to author clubs through the same application flow","invocations":1,"location":null,"numPassingAsserts":2,"retryReasons":[],"status":"passed","title":"applies to author clubs through the same application flow"},{"ancestorTitles":["clubsService"],"duration":1,"failureDetails":[],"failureMessages":[],"fullName":"clubsService returns an existing pending application when a duplicate application insert races","invocations":1,"location":null,"numPassingAsserts":2,"retryReasons":[],"status":"passed","title":"returns an existing pending application when a duplicate application insert races"},{"ancestorTitles":["clubsService"],"duration":4,"failureDetails":[],"failureMessages":[],"fullName":"clubsService reads the current user application for a club","invocations":1,"location":null,"numPassingAsserts":4,"retryReasons":[],"status":"passed","title":"reads the current user application for a club"},{"ancestorTitles":["clubsService"],"duration":2,"failureDetails":[],"failureMessages":[],"fullName":"clubsService maps applicant profile summaries onto club applications","invocations":1,"location":null,"numPassingAsserts":5,"retryReasons":[],"status":"passed","title":"maps applicant profile summaries onto club applications"},{"ancestorTitles":["clubsService"],"duration":0,"failureDetails":[],"failureMessages":[],"fullName":"clubsService reviews a join application through the live rpc contract","invocations":1,"location":null,"numPassingAsserts":2,"retryReasons":[],"status":"passed","title":"reviews a join application through the live rpc contract"},{"ancestorTitles":["clubsService"],"duration":1,"failureDetails":[],"failureMessages":[],"fullName":"clubsService creates a join question for admin management","invocations":1,"location":null,"numPassingAsserts":2,"retryReasons":[],"status":"passed","title":"creates a join question for admin management"},{"ancestorTitles":["clubsService"],"duration":2,"failureDetails":[],"failureMessages":[],"fullName":"clubsService updates a join question for admin management","invocations":1,"location":null,"numPassingAsserts":3,"retryReasons":[],"status":"passed","title":"updates a join question for admin management"},{"ancestorTitles":["clubsService"],"duration":1,"failureDetails":[],"failureMessages":[],"fullName":"clubsService deletes a join question for admin management","invocations":1,"location":null,"numPassingAsserts":2,"retryReasons":[],"status":"passed","title":"deletes a join question for admin management"},{"ancestorTitles":["clubsService"],"duration":1,"failureDetails":[],"failureMessages":[],"fullName":"clubsService removes a club member by deleting their membership row","invocations":1,"location":null,"numPassingAsserts":4,"retryReasons":[],"status":"passed","title":"removes a club member by deleting their membership row"},{"ancestorTitles":["clubsService"],"duration":1,"failureDetails":[],"failureMessages":[],"fullName":"clubsService maps invitation profiles for invite-only management","invocations":1,"location":null,"numPassingAsserts":3,"retryReasons":[],"status":"passed","title":"maps invitation profiles for invite-only management"},{"ancestorTitles":["clubsService"],"duration":1,"failureDetails":[],"failureMessages":[],"fullName":"clubsService reads the current users pending invitation for invite-only acceptance","invocations":1,"location":null,"numPassingAsserts":5,"retryReasons":[],"status":"passed","title":"reads the current users pending invitation for invite-only acceptance"},{"ancestorTitles":["clubsService"],"duration":4,"failureDetails":[],"failureMessages":[],"fullName":"clubsService creates an invite-only club invitation through the live rpc contract","invocations":1,"location":null,"numPassingAsserts":2,"retryReasons":[],"status":"passed","title":"creates an invite-only club invitation through the live rpc contract"},{"ancestorTitles":["clubsService"],"duration":1,"failureDetails":[],"failureMessages":[],"fullName":"clubsService accepts an invitation through the live rpc contract","invocations":1,"location":null,"numPassingAsserts":2,"retryReasons":[],"status":"passed","title":"accepts an invitation through the live rpc contract"},{"ancestorTitles":["clubsService"],"duration":3,"failureDetails":[],"failureMessages":[],"fullName":"clubsService maps member profile summaries onto club members","invocations":1,"location":null,"numPassingAsserts":3,"retryReasons":[],"status":"passed","title":"maps member profile summaries onto club members"},{"ancestorTitles":["clubsService"],"duration":1,"failureDetails":[],"failureMessages":[],"fullName":"clubsService maps club book nominations with book details, nominator profiles, and current user vote state","invocations":1,"location":null,"numPassingAsserts":5,"retryReasons":[],"status":"passed","title":"maps club book nominations with book details, nominator profiles, and current user vote state"},{"ancestorTitles":["clubsService"],"duration":1,"failureDetails":[],"failureMessages":[],"fullName":"clubsService nominates a club book through the nomination rpc using a Google Books result","invocations":1,"location":null,"numPassingAsserts":2,"retryReasons":[],"status":"passed","title":"nominates a club book through the nomination rpc using a Google Books result"},{"ancestorTitles":["clubsService"],"duration":0,"failureDetails":[],"failureMessages":[],"fullName":"clubsService casts and removes a club book vote through the live rpc contract","invocations":1,"location":null,"numPassingAsserts":3,"retryReasons":[],"status":"passed","title":"casts and removes a club book vote through the live rpc contract"},{"ancestorTitles":["clubsService"],"duration":0,"failureDetails":[],"failureMessages":[],"fullName":"clubsService finalizes a club book nomination into the clubs current book via rpc","invocations":1,"location":null,"numPassingAsserts":2,"retryReasons":[],"status":"passed","title":"finalizes a club book nomination into the clubs current book via rpc"}],"endTime":1773116900311,"message":"","name":"C:\\Users\\LEGION\\Documents\\augment-projects\\antigravity copy\\Bookconnect_new_react_app\\src\\features\\clubs\\services\\__tests__\\clubsService.test.ts","startTime":1773116899929,"status":"passed","summary":""}],"wasInterrupted":false}
